mode: atomic
github.com/autumnsaury/gin-oauth/basic.go:12.86,13.69 1 3
github.com/autumnsaury/gin-oauth/basic.go:13.69,14.46 1 2
github.com/autumnsaury/gin-oauth/basic.go:14.46,17.18 2 2
github.com/autumnsaury/gin-oauth/basic.go:17.18,19.5 1 0
github.com/autumnsaury/gin-oauth/basic.go:20.4,21.52 2 2
github.com/autumnsaury/gin-oauth/basic.go:21.52,23.5 1 2
github.com/autumnsaury/gin-oauth/basic.go:26.2,26.20 1 1
github.com/autumnsaury/gin-oauth/basic.go:30.82,32.16 2 1
github.com/autumnsaury/gin-oauth/basic.go:32.16,34.3 1 0
github.com/autumnsaury/gin-oauth/basic.go:34.8,35.25 1 1
github.com/autumnsaury/gin-oauth/basic.go:35.25,36.38 1 1
github.com/autumnsaury/gin-oauth/basic.go:36.38,38.5 1 0
github.com/autumnsaury/gin-oauth/basic.go:40.3,40.13 1 1
github.com/autumnsaury/gin-oauth/middleware.go:24.141,26.26 2 1
github.com/autumnsaury/gin-oauth/middleware.go:26.26,28.3 1 0
github.com/autumnsaury/gin-oauth/middleware.go:29.2,32.11 3 1
github.com/autumnsaury/gin-oauth/middleware.go:37.121,39.2 1 0
github.com/autumnsaury/gin-oauth/middleware.go:44.61,48.16 3 0
github.com/autumnsaury/gin-oauth/middleware.go:48.16,51.3 2 0
github.com/autumnsaury/gin-oauth/middleware.go:51.8,51.77 1 0
github.com/autumnsaury/gin-oauth/middleware.go:51.77,54.3 2 0
github.com/autumnsaury/gin-oauth/middleware.go:54.8,61.3 6 0
github.com/autumnsaury/gin-oauth/middleware.go:64.83,66.47 1 2
github.com/autumnsaury/gin-oauth/middleware.go:66.47,67.40 1 2
github.com/autumnsaury/gin-oauth/middleware.go:67.40,69.5 1 0
github.com/autumnsaury/gin-oauth/middleware.go:71.4,71.59 1 2
github.com/autumnsaury/gin-oauth/middleware.go:71.59,73.5 1 0
github.com/autumnsaury/gin-oauth/middleware.go:73.10,73.27 1 2
github.com/autumnsaury/gin-oauth/middleware.go:73.27,75.5 1 0
github.com/autumnsaury/gin-oauth/middleware.go:77.4,77.36 1 2
github.com/autumnsaury/gin-oauth/middleware.go:81.2,81.31 1 2
github.com/autumnsaury/gin-oauth/middleware.go:85.93,86.19 1 2
github.com/autumnsaury/gin-oauth/middleware.go:86.19,88.3 1 0
github.com/autumnsaury/gin-oauth/middleware.go:89.2,90.26 2 2
github.com/autumnsaury/gin-oauth/middleware.go:90.26,92.3 1 0
github.com/autumnsaury/gin-oauth/middleware.go:93.2,94.16 2 2
github.com/autumnsaury/gin-oauth/middleware.go:94.16,96.3 1 1
github.com/autumnsaury/gin-oauth/middleware.go:98.2,98.19 1 1
github.com/autumnsaury/gin-oauth/model.go:36.30,39.48 2 4
github.com/autumnsaury/gin-oauth/model.go:39.48,41.3 1 1
github.com/autumnsaury/gin-oauth/model.go:41.8,41.55 1 3
github.com/autumnsaury/gin-oauth/model.go:41.55,43.3 1 0
github.com/autumnsaury/gin-oauth/model.go:43.8,43.56 1 3
github.com/autumnsaury/gin-oauth/model.go:43.56,45.3 1 0
github.com/autumnsaury/gin-oauth/model.go:45.8,47.3 1 3
github.com/autumnsaury/gin-oauth/server.go:56.22,58.26 1 1
github.com/autumnsaury/gin-oauth/server.go:58.26,60.3 1 1
github.com/autumnsaury/gin-oauth/server.go:62.2,69.12 2 1
github.com/autumnsaury/gin-oauth/server.go:73.63,79.38 5 0
github.com/autumnsaury/gin-oauth/server.go:79.38,83.17 3 0
github.com/autumnsaury/gin-oauth/server.go:83.17,86.4 2 0
github.com/autumnsaury/gin-oauth/server.go:89.2,91.22 3 0
github.com/autumnsaury/gin-oauth/server.go:95.65,100.42 4 0
github.com/autumnsaury/gin-oauth/server.go:100.42,104.17 3 0
github.com/autumnsaury/gin-oauth/server.go:104.17,107.4 2 0
github.com/autumnsaury/gin-oauth/server.go:109.2,113.22 4 0
github.com/autumnsaury/gin-oauth/server.go:117.65,125.20 7 0
github.com/autumnsaury/gin-oauth/server.go:125.20,129.17 3 0
github.com/autumnsaury/gin-oauth/server.go:129.17,132.4 2 0
github.com/autumnsaury/gin-oauth/server.go:134.2,135.24 2 0
github.com/autumnsaury/gin-oauth/server.go:139.166,142.24 2 6
github.com/autumnsaury/gin-oauth/server.go:142.24,144.3 1 6
github.com/autumnsaury/gin-oauth/server.go:144.8,146.3 1 0
github.com/autumnsaury/gin-oauth/server.go:149.2,149.29 1 6
github.com/autumnsaury/gin-oauth/server.go:149.29,151.17 2 3
github.com/autumnsaury/gin-oauth/server.go:151.17,153.18 2 2
github.com/autumnsaury/gin-oauth/server.go:153.18,156.19 2 2
github.com/autumnsaury/gin-oauth/server.go:156.19,158.6 1 0
github.com/autumnsaury/gin-oauth/server.go:159.5,160.19 2 2
github.com/autumnsaury/gin-oauth/server.go:160.19,162.6 1 2
github.com/autumnsaury/gin-oauth/server.go:162.11,164.6 1 0
github.com/autumnsaury/gin-oauth/server.go:165.10,167.5 1 0
github.com/autumnsaury/gin-oauth/server.go:169.9,172.4 1 1
github.com/autumnsaury/gin-oauth/server.go:173.8,173.46 1 3
github.com/autumnsaury/gin-oauth/server.go:173.46,175.17 2 2
github.com/autumnsaury/gin-oauth/server.go:175.17,177.18 2 2
github.com/autumnsaury/gin-oauth/server.go:177.18,180.19 2 2
github.com/autumnsaury/gin-oauth/server.go:180.19,182.6 1 0
github.com/autumnsaury/gin-oauth/server.go:183.5,184.19 2 2
github.com/autumnsaury/gin-oauth/server.go:184.19,186.6 1 2
github.com/autumnsaury/gin-oauth/server.go:186.11,188.6 1 0
github.com/autumnsaury/gin-oauth/server.go:189.10,191.5 1 0
github.com/autumnsaury/gin-oauth/server.go:192.9,195.4 1 0
github.com/autumnsaury/gin-oauth/server.go:196.8,196.46 1 1
github.com/autumnsaury/gin-oauth/server.go:196.46,197.69 1 0
github.com/autumnsaury/gin-oauth/server.go:197.69,199.18 2 0
github.com/autumnsaury/gin-oauth/server.go:199.18,201.19 2 0
github.com/autumnsaury/gin-oauth/server.go:201.19,204.20 2 0
github.com/autumnsaury/gin-oauth/server.go:204.20,206.7 1 0
github.com/autumnsaury/gin-oauth/server.go:207.6,208.20 2 0
github.com/autumnsaury/gin-oauth/server.go:208.20,210.7 1 0
github.com/autumnsaury/gin-oauth/server.go:210.12,212.7 1 0
github.com/autumnsaury/gin-oauth/server.go:213.11,215.6 1 0
github.com/autumnsaury/gin-oauth/server.go:216.10,219.5 1 0
github.com/autumnsaury/gin-oauth/server.go:220.9,223.4 1 0
github.com/autumnsaury/gin-oauth/server.go:224.8,224.41 1 1
github.com/autumnsaury/gin-oauth/server.go:224.41,228.17 2 1
github.com/autumnsaury/gin-oauth/server.go:228.17,230.18 2 1
github.com/autumnsaury/gin-oauth/server.go:230.18,233.19 2 1
github.com/autumnsaury/gin-oauth/server.go:233.19,236.20 2 1
github.com/autumnsaury/gin-oauth/server.go:236.20,238.7 1 0
github.com/autumnsaury/gin-oauth/server.go:239.6,240.20 2 1
github.com/autumnsaury/gin-oauth/server.go:240.20,242.7 1 1
github.com/autumnsaury/gin-oauth/server.go:242.12,244.7 1 0
github.com/autumnsaury/gin-oauth/server.go:245.11,247.6 1 0
github.com/autumnsaury/gin-oauth/server.go:248.10,251.5 1 0
github.com/autumnsaury/gin-oauth/server.go:252.9,255.4 1 0
github.com/autumnsaury/gin-oauth/server.go:256.8,259.3 1 0
github.com/autumnsaury/gin-oauth/server.go:262.137,274.23 3 8
github.com/autumnsaury/gin-oauth/server.go:274.23,276.17 2 8
github.com/autumnsaury/gin-oauth/server.go:276.17,278.4 1 8
github.com/autumnsaury/gin-oauth/server.go:278.9,281.4 1 0
github.com/autumnsaury/gin-oauth/server.go:284.2,295.28 2 8
github.com/autumnsaury/gin-oauth/server.go:298.104,300.16 2 7
github.com/autumnsaury/gin-oauth/server.go:300.16,302.3 1 0
github.com/autumnsaury/gin-oauth/server.go:303.2,304.16 2 7
github.com/autumnsaury/gin-oauth/server.go:304.16,306.3 1 0
github.com/autumnsaury/gin-oauth/server.go:307.2,309.23 2 7
github.com/autumnsaury/gin-oauth/server.go:309.23,312.17 2 7
github.com/autumnsaury/gin-oauth/server.go:312.17,314.4 1 7
github.com/autumnsaury/gin-oauth/server.go:316.2,316.18 1 7
github.com/autumnsaury/gin-oauth/server.go:319.80,321.47 1 2
github.com/autumnsaury/gin-oauth/server.go:321.47,322.39 1 2
github.com/autumnsaury/gin-oauth/server.go:322.39,324.5 1 0
github.com/autumnsaury/gin-oauth/server.go:326.4,326.59 1 2
github.com/autumnsaury/gin-oauth/server.go:326.59,328.5 1 0
github.com/autumnsaury/gin-oauth/server.go:328.10,328.28 1 2
github.com/autumnsaury/gin-oauth/server.go:328.28,330.5 1 0
github.com/autumnsaury/gin-oauth/server.go:332.4,332.35 1 2
github.com/autumnsaury/gin-oauth/server.go:336.2,336.16 1 2
github.com/autumnsaury/gin-oauth/server.go:336.16,338.3 1 0
github.com/autumnsaury/gin-oauth/server.go:340.2,340.31 1 2
