mode: atomic
github.com/autumnsaury/gin-oauth/errors.go:19.44,21.2 1 0
github.com/autumnsaury/gin-oauth/middleware.go:22.141,24.26 2 1
github.com/autumnsaury/gin-oauth/middleware.go:24.26,26.3 1 0
github.com/autumnsaury/gin-oauth/middleware.go:27.2,30.11 3 1
github.com/autumnsaury/gin-oauth/middleware.go:35.121,37.2 1 0
github.com/autumnsaury/gin-oauth/middleware.go:42.61,46.16 3 0
github.com/autumnsaury/gin-oauth/middleware.go:46.16,49.3 2 0
github.com/autumnsaury/gin-oauth/middleware.go:49.8,49.82 1 0
github.com/autumnsaury/gin-oauth/middleware.go:49.82,52.3 2 0
github.com/autumnsaury/gin-oauth/middleware.go:52.8,59.3 6 0
github.com/autumnsaury/gin-oauth/middleware.go:62.83,64.47 1 0
github.com/autumnsaury/gin-oauth/middleware.go:64.47,65.40 1 0
github.com/autumnsaury/gin-oauth/middleware.go:65.40,67.5 1 0
github.com/autumnsaury/gin-oauth/middleware.go:69.4,69.59 1 0
github.com/autumnsaury/gin-oauth/middleware.go:69.59,71.5 1 0
github.com/autumnsaury/gin-oauth/middleware.go:71.10,71.27 1 0
github.com/autumnsaury/gin-oauth/middleware.go:71.27,73.5 1 0
github.com/autumnsaury/gin-oauth/middleware.go:75.4,75.36 1 0
github.com/autumnsaury/gin-oauth/middleware.go:79.2,79.31 1 0
github.com/autumnsaury/gin-oauth/middleware.go:83.93,84.19 1 0
github.com/autumnsaury/gin-oauth/middleware.go:84.19,86.3 1 0
github.com/autumnsaury/gin-oauth/middleware.go:87.2,88.26 2 0
github.com/autumnsaury/gin-oauth/middleware.go:88.26,90.3 1 0
github.com/autumnsaury/gin-oauth/middleware.go:91.2,92.16 2 0
github.com/autumnsaury/gin-oauth/middleware.go:92.16,94.3 1 0
github.com/autumnsaury/gin-oauth/middleware.go:96.2,96.19 1 0
github.com/autumnsaury/gin-oauth/model.go:29.30,32.48 2 1
github.com/autumnsaury/gin-oauth/model.go:32.48,34.3 1 0
github.com/autumnsaury/gin-oauth/model.go:34.8,34.55 1 1
github.com/autumnsaury/gin-oauth/model.go:34.55,36.3 1 0
github.com/autumnsaury/gin-oauth/model.go:36.8,36.56 1 1
github.com/autumnsaury/gin-oauth/model.go:36.56,38.3 1 0
github.com/autumnsaury/gin-oauth/model.go:38.8,40.3 1 1
github.com/autumnsaury/gin-oauth/server.go:55.22,57.26 1 1
github.com/autumnsaury/gin-oauth/server.go:57.26,59.3 1 1
github.com/autumnsaury/gin-oauth/server.go:61.2,68.12 2 1
github.com/autumnsaury/gin-oauth/server.go:72.63,78.38 5 0
github.com/autumnsaury/gin-oauth/server.go:78.38,81.3 2 0
github.com/autumnsaury/gin-oauth/server.go:83.2,85.16 3 0
github.com/autumnsaury/gin-oauth/server.go:85.16,88.3 2 0
github.com/autumnsaury/gin-oauth/server.go:89.2,89.31 1 0
github.com/autumnsaury/gin-oauth/server.go:93.65,98.42 4 0
github.com/autumnsaury/gin-oauth/server.go:98.42,101.3 2 0
github.com/autumnsaury/gin-oauth/server.go:102.2,106.16 4 0
github.com/autumnsaury/gin-oauth/server.go:106.16,109.3 2 0
github.com/autumnsaury/gin-oauth/server.go:110.2,110.31 1 0
github.com/autumnsaury/gin-oauth/server.go:114.65,122.20 7 0
github.com/autumnsaury/gin-oauth/server.go:122.20,125.3 2 0
github.com/autumnsaury/gin-oauth/server.go:126.2,127.16 2 0
github.com/autumnsaury/gin-oauth/server.go:127.16,130.3 2 0
github.com/autumnsaury/gin-oauth/server.go:131.2,131.31 1 0
github.com/autumnsaury/gin-oauth/server.go:135.179,138.24 2 0
github.com/autumnsaury/gin-oauth/server.go:138.24,140.3 1 0
github.com/autumnsaury/gin-oauth/server.go:140.8,142.3 1 0
github.com/autumnsaury/gin-oauth/server.go:145.2,145.29 1 0
github.com/autumnsaury/gin-oauth/server.go:145.29,147.17 2 0
github.com/autumnsaury/gin-oauth/server.go:147.17,149.18 2 0
github.com/autumnsaury/gin-oauth/server.go:149.18,152.19 2 0
github.com/autumnsaury/gin-oauth/server.go:152.19,154.6 1 0
github.com/autumnsaury/gin-oauth/server.go:155.5,156.19 2 0
github.com/autumnsaury/gin-oauth/server.go:156.19,158.6 1 0
github.com/autumnsaury/gin-oauth/server.go:158.11,160.6 1 0
github.com/autumnsaury/gin-oauth/server.go:161.10,163.5 1 0
github.com/autumnsaury/gin-oauth/server.go:165.9,168.4 1 0
github.com/autumnsaury/gin-oauth/server.go:169.8,169.46 1 0
github.com/autumnsaury/gin-oauth/server.go:169.46,171.17 2 0
github.com/autumnsaury/gin-oauth/server.go:171.17,173.18 2 0
github.com/autumnsaury/gin-oauth/server.go:173.18,176.19 2 0
github.com/autumnsaury/gin-oauth/server.go:176.19,178.6 1 0
github.com/autumnsaury/gin-oauth/server.go:179.5,180.19 2 0
github.com/autumnsaury/gin-oauth/server.go:180.19,182.6 1 0
github.com/autumnsaury/gin-oauth/server.go:182.11,184.6 1 0
github.com/autumnsaury/gin-oauth/server.go:185.10,187.5 1 0
github.com/autumnsaury/gin-oauth/server.go:188.9,191.4 1 0
github.com/autumnsaury/gin-oauth/server.go:192.8,192.46 1 0
github.com/autumnsaury/gin-oauth/server.go:192.46,193.69 1 0
github.com/autumnsaury/gin-oauth/server.go:193.69,195.18 2 0
github.com/autumnsaury/gin-oauth/server.go:195.18,197.19 2 0
github.com/autumnsaury/gin-oauth/server.go:197.19,200.20 2 0
github.com/autumnsaury/gin-oauth/server.go:200.20,202.7 1 0
github.com/autumnsaury/gin-oauth/server.go:203.6,204.20 2 0
github.com/autumnsaury/gin-oauth/server.go:204.20,206.7 1 0
github.com/autumnsaury/gin-oauth/server.go:206.12,208.7 1 0
github.com/autumnsaury/gin-oauth/server.go:209.11,211.6 1 0
github.com/autumnsaury/gin-oauth/server.go:212.10,215.5 1 0
github.com/autumnsaury/gin-oauth/server.go:216.9,219.4 1 0
github.com/autumnsaury/gin-oauth/server.go:220.8,220.41 1 0
github.com/autumnsaury/gin-oauth/server.go:220.41,224.17 2 0
github.com/autumnsaury/gin-oauth/server.go:224.17,226.18 2 0
github.com/autumnsaury/gin-oauth/server.go:226.18,229.19 2 0
github.com/autumnsaury/gin-oauth/server.go:229.19,232.20 2 0
github.com/autumnsaury/gin-oauth/server.go:232.20,234.7 1 0
github.com/autumnsaury/gin-oauth/server.go:235.6,236.20 2 0
github.com/autumnsaury/gin-oauth/server.go:236.20,238.7 1 0
github.com/autumnsaury/gin-oauth/server.go:238.12,240.7 1 0
github.com/autumnsaury/gin-oauth/server.go:241.11,243.6 1 0
github.com/autumnsaury/gin-oauth/server.go:244.10,247.5 1 0
github.com/autumnsaury/gin-oauth/server.go:248.9,251.4 1 0
github.com/autumnsaury/gin-oauth/server.go:252.8,255.3 1 0
github.com/autumnsaury/gin-oauth/server.go:258.137,270.23 3 3
github.com/autumnsaury/gin-oauth/server.go:270.23,272.17 2 3
github.com/autumnsaury/gin-oauth/server.go:272.17,274.4 1 3
github.com/autumnsaury/gin-oauth/server.go:274.9,277.4 1 0
github.com/autumnsaury/gin-oauth/server.go:280.2,291.28 2 3
github.com/autumnsaury/gin-oauth/server.go:294.104,296.16 2 2
github.com/autumnsaury/gin-oauth/server.go:296.16,298.3 1 0
github.com/autumnsaury/gin-oauth/server.go:299.2,300.16 2 2
github.com/autumnsaury/gin-oauth/server.go:300.16,302.3 1 0
github.com/autumnsaury/gin-oauth/server.go:303.2,305.23 2 2
github.com/autumnsaury/gin-oauth/server.go:305.23,308.17 2 2
github.com/autumnsaury/gin-oauth/server.go:308.17,310.4 1 2
github.com/autumnsaury/gin-oauth/server.go:312.2,312.18 1 2
github.com/autumnsaury/gin-oauth/server.go:315.80,317.47 1 1
github.com/autumnsaury/gin-oauth/server.go:317.47,318.39 1 1
github.com/autumnsaury/gin-oauth/server.go:318.39,320.5 1 0
github.com/autumnsaury/gin-oauth/server.go:322.4,322.59 1 1
github.com/autumnsaury/gin-oauth/server.go:322.59,324.5 1 0
github.com/autumnsaury/gin-oauth/server.go:324.10,324.28 1 1
github.com/autumnsaury/gin-oauth/server.go:324.28,326.5 1 0
github.com/autumnsaury/gin-oauth/server.go:328.4,328.35 1 1
github.com/autumnsaury/gin-oauth/server.go:332.2,332.16 1 1
github.com/autumnsaury/gin-oauth/server.go:332.16,334.3 1 0
github.com/autumnsaury/gin-oauth/server.go:336.2,336.31 1 1
